{"C:\\Users\\moura\\Documents\\Code\\JS\\structural-patterns\\decorator\\src\\agent.js": {"path":"C:\\Users\\moura\\Documents\\Code\\JS\\structural-patterns\\decorator\\src\\agent.js","all":false,"statementMap":{"0":{"start":{"line":1,"column":0},"end":{"line":1,"column":24}},"1":{"start":{"line":2,"column":0},"end":{"line":2,"column":0}},"2":{"start":{"line":3,"column":0},"end":{"line":3,"column":47}},"3":{"start":{"line":4,"column":0},"end":{"line":4,"column":0}},"4":{"start":{"line":5,"column":0},"end":{"line":5,"column":47}},"5":{"start":{"line":6,"column":0},"end":{"line":6,"column":0}},"6":{"start":{"line":7,"column":0},"end":{"line":7,"column":53}},"7":{"start":{"line":8,"column":0},"end":{"line":8,"column":0}},"8":{"start":{"line":9,"column":0},"end":{"line":9,"column":38}},"9":{"start":{"line":10,"column":0},"end":{"line":10,"column":0}},"10":{"start":{"line":11,"column":0},"end":{"line":11,"column":32}},"11":{"start":{"line":12,"column":0},"end":{"line":12,"column":0}},"12":{"start":{"line":13,"column":0},"end":{"line":13,"column":60}},"13":{"start":{"line":14,"column":0},"end":{"line":14,"column":0}},"14":{"start":{"line":15,"column":0},"end":{"line":15,"column":9}},"15":{"start":{"line":16,"column":0},"end":{"line":16,"column":0}},"16":{"start":{"line":17,"column":0},"end":{"line":17,"column":41}},"17":{"start":{"line":18,"column":0},"end":{"line":18,"column":0}},"18":{"start":{"line":19,"column":0},"end":{"line":19,"column":5}},"19":{"start":{"line":20,"column":0},"end":{"line":20,"column":0}},"20":{"start":{"line":21,"column":0},"end":{"line":21,"column":1}}},"s":{"0":1,"1":1,"2":1,"3":1,"4":1,"5":1,"6":1,"7":1,"8":1,"9":1,"10":1,"11":1,"12":1,"13":1,"14":1,"15":1,"16":1,"17":1,"18":1,"19":1,"20":1},"branchMap":{"0":{"type":"branch","line":1,"loc":{"start":{"line":1,"column":0},"end":{"line":13,"column":26}},"locations":[{"start":{"line":1,"column":0},"end":{"line":13,"column":26}}]},"1":{"type":"branch","line":3,"loc":{"start":{"line":3,"column":22},"end":{"line":13,"column":26}},"locations":[{"start":{"line":3,"column":22},"end":{"line":13,"column":26}}]}},"b":{"0":[1],"1":[1]},"fnMap":{"0":{"name":"injectHttpInterceptor","decl":{"start":{"line":1,"column":0},"end":{"line":13,"column":26}},"loc":{"start":{"line":1,"column":0},"end":{"line":13,"column":26}},"line":1},"1":{"name":"http.Server.emit","decl":{"start":{"line":3,"column":22},"end":{"line":13,"column":26}},"loc":{"start":{"line":3,"column":22},"end":{"line":13,"column":26}},"line":3}},"f":{"0":1,"1":1}}
}
